[debug] [2023-04-09T14:24:02.037Z] ----------------------------------------------------------------------
[debug] [2023-04-09T14:24:02.040Z] Command:       C:\Program Files\nodejs\node.exe C:\Users\forli\AppData\Roaming\npm\node_modules\firebase-tools\lib\bin\firebase.js init
[debug] [2023-04-09T14:24:02.041Z] CLI Version:   11.25.2
[debug] [2023-04-09T14:24:02.041Z] Platform:      win32
[debug] [2023-04-09T14:24:02.041Z] Node Version:  v18.13.0
[debug] [2023-04-09T14:24:02.044Z] Time:          Sun Apr 09 2023 16:24:02 GMT+0200 (Центральная Европа, летнее время)
[debug] [2023-04-09T14:24:02.044Z] ----------------------------------------------------------------------
[debug] 
[debug] [2023-04-09T14:24:02.054Z] >>> [apiv2][query] GET https://firebase-public.firebaseio.com/cli.json [none]
[debug] [2023-04-09T14:24:02.156Z] > command requires scopes: ["email","openid","https://www.googleapis.com/auth/cloudplatformprojects.readonly","https://www.googleapis.com/auth/firebase","https://www.googleapis.com/auth/cloud-platform"]
[debug] [2023-04-09T14:24:02.156Z] > authorizing via signed-in user (forlifting@gmail.com)
[info] 
     ######## #### ########  ######## ########     ###     ######  ########
     ##        ##  ##     ## ##       ##     ##  ##   ##  ##       ##
     ######    ##  ########  ######   ########  #########  ######  ######
     ##        ##  ##    ##  ##       ##     ## ##     ##       ## ##
     ##       #### ##     ## ######## ########  ##     ##  ######  ########

You're about to initialize a Firebase project in this directory:

  D:\IT\MyProject\Linkedin\app

[debug] [2023-04-09T14:24:02.502Z] <<< [apiv2][status] GET https://firebase-public.firebaseio.com/cli.json 200
[debug] [2023-04-09T14:24:02.503Z] <<< [apiv2][body] GET https://firebase-public.firebaseio.com/cli.json {"cloudBuildErrorAfter":1594252800000,"cloudBuildWarnAfter":1590019200000,"defaultNode10After":1594252800000,"minVersion":"3.0.5","node8DeploysDisabledAfter":1613390400000,"node8RuntimeDisabledAfter":1615809600000,"node8WarnAfter":1600128000000}
[info] 
=== Project Setup
[info] 
[info] First, let's associate this project directory with a Firebase project.
[info] You can create multiple project aliases by running firebase use --add, 
[info] but for now we'll just set up a default project.
[info] 
[debug] [2023-04-09T14:26:24.964Z] >>> [apiv2][query] GET https://firebase.googleapis.com/v1beta1/projects pageSize=100
[debug] [2023-04-09T14:26:25.477Z] <<< [apiv2][status] GET https://firebase.googleapis.com/v1beta1/projects 200
[debug] [2023-04-09T14:26:25.477Z] <<< [apiv2][body] GET https://firebase.googleapis.com/v1beta1/projects [omitted]
[info] i  Using project linkedin-bbf1c (Linkedin) 
[info] 
=== Firestore Setup
[debug] [2023-04-09T14:26:30.324Z] >>> [apiv2][query] GET https://serviceusage.googleapis.com/v1/projects/linkedin-bbf1c/services/firestore.googleapis.com [none]
[debug] [2023-04-09T14:26:30.324Z] >>> [apiv2][(partial)header] GET https://serviceusage.googleapis.com/v1/projects/linkedin-bbf1c/services/firestore.googleapis.com x-goog-quota-user=projects/linkedin-bbf1c
[debug] [2023-04-09T14:26:31.353Z] <<< [apiv2][status] GET https://serviceusage.googleapis.com/v1/projects/linkedin-bbf1c/services/firestore.googleapis.com 200
[debug] [2023-04-09T14:26:31.354Z] <<< [apiv2][body] GET https://serviceusage.googleapis.com/v1/projects/linkedin-bbf1c/services/firestore.googleapis.com [omitted]
[debug] [2023-04-09T14:26:31.356Z] >>> [apiv2][query] GET https://firestore.googleapis.com/v1/projects/linkedin-bbf1c/databases/(default) [none]
[debug] [2023-04-09T14:26:32.211Z] <<< [apiv2][status] GET https://firestore.googleapis.com/v1/projects/linkedin-bbf1c/databases/(default) 200
[debug] [2023-04-09T14:26:32.213Z] <<< [apiv2][body] GET https://firestore.googleapis.com/v1/projects/linkedin-bbf1c/databases/(default) {"name":"projects/linkedin-bbf1c/databases/(default)","uid":"89bb1e1c-b19a-418c-a6fb-b5df345ba995","createTime":"2023-03-30T20:46:15.211467Z","updateTime":"2023-03-30T20:46:15.211467Z","locationId":"nam5","type":"FIRESTORE_NATIVE","concurrencyMode":"PESSIMISTIC","appEngineIntegrationMode":"DISABLED","keyPrefix":"s","deleteProtectionState":"DELETE_PROTECTION_DISABLED","etag":"ILD+/tuAnf4CMMbpyLaamP4C"}
[debug] [2023-04-09T14:26:32.214Z] database_type: FIRESTORE_NATIVE
[debug] [2023-04-09T14:26:32.222Z] > command requires scopes: ["email","openid","https://www.googleapis.com/auth/cloudplatformprojects.readonly","https://www.googleapis.com/auth/firebase","https://www.googleapis.com/auth/cloud-platform"]
[debug] [2023-04-09T14:26:32.231Z] > authorizing via signed-in user (forlifting@gmail.com)
[debug] [2023-04-09T14:26:32.231Z] [iam] checking project linkedin-bbf1c for permissions ["firebase.projects.get"]
[debug] [2023-04-09T14:26:32.232Z] >>> [apiv2][query] POST https://cloudresourcemanager.googleapis.com/v1/projects/linkedin-bbf1c:testIamPermissions [none]
[debug] [2023-04-09T14:26:32.232Z] >>> [apiv2][(partial)header] POST https://cloudresourcemanager.googleapis.com/v1/projects/linkedin-bbf1c:testIamPermissions x-goog-quota-user=projects/linkedin-bbf1c
[debug] [2023-04-09T14:26:32.237Z] >>> [apiv2][body] POST https://cloudresourcemanager.googleapis.com/v1/projects/linkedin-bbf1c:testIamPermissions {"permissions":["firebase.projects.get"]}
[debug] [2023-04-09T14:26:32.620Z] <<< [apiv2][status] POST https://cloudresourcemanager.googleapis.com/v1/projects/linkedin-bbf1c:testIamPermissions 200
[debug] [2023-04-09T14:26:32.621Z] <<< [apiv2][body] POST https://cloudresourcemanager.googleapis.com/v1/projects/linkedin-bbf1c:testIamPermissions {"permissions":["firebase.projects.get"]}
[info] 
[info] Firestore Security Rules allow you to define how and when to allow
[info] requests. You can keep these rules in your project directory
[info] and publish them with firebase deploy.
[info] 
[debug] [2023-04-09T14:27:41.377Z] >>> [apiv2][query] GET https://firebaserules.googleapis.com/v1/projects/linkedin-bbf1c/releases pageSize=10&pageToken=
[debug] [2023-04-09T14:27:42.119Z] <<< [apiv2][status] GET https://firebaserules.googleapis.com/v1/projects/linkedin-bbf1c/releases 200
[debug] [2023-04-09T14:27:42.119Z] <<< [apiv2][body] GET https://firebaserules.googleapis.com/v1/projects/linkedin-bbf1c/releases {"releases":[{"name":"projects/linkedin-bbf1c/releases/cloud.firestore","rulesetName":"projects/linkedin-bbf1c/rulesets/e0bb2971-29f9-4d29-acfe-34d562511800","createTime":"2023-03-30T20:46:22.106066Z","updateTime":"2023-03-30T20:52:09.707563Z"}]}
[debug] [2023-04-09T14:27:42.120Z] Found ruleset: projects/linkedin-bbf1c/rulesets/e0bb2971-29f9-4d29-acfe-34d562511800
[debug] [2023-04-09T14:27:42.122Z] >>> [apiv2][query] GET https://firebaserules.googleapis.com/v1/projects/linkedin-bbf1c/rulesets/e0bb2971-29f9-4d29-acfe-34d562511800 [none]
[debug] [2023-04-09T14:27:42.851Z] <<< [apiv2][status] GET https://firebaserules.googleapis.com/v1/projects/linkedin-bbf1c/rulesets/e0bb2971-29f9-4d29-acfe-34d562511800 200
[debug] [2023-04-09T14:27:42.852Z] <<< [apiv2][body] GET https://firebaserules.googleapis.com/v1/projects/linkedin-bbf1c/rulesets/e0bb2971-29f9-4d29-acfe-34d562511800 [omitted]
[info] 
[info] Firestore indexes allow you to perform complex queries while
[info] maintaining performance that scales with the size of the result
[info] set. You can keep index definitions in your project directory
[info] and publish them with firebase deploy.
[info] 
[debug] [2023-04-09T14:27:53.882Z] >>> [apiv2][query] GET https://firestore.googleapis.com/v1/projects/linkedin-bbf1c/databases/(default)/collectionGroups/-/indexes [none]
[debug] [2023-04-09T14:27:53.885Z] >>> [apiv2][query] GET https://firestore.googleapis.com/v1/projects/linkedin-bbf1c/databases/(default)/collectionGroups/-/fields?filter=indexConfig.usesAncestorConfig=false OR ttlConfig:* [none]
[debug] [2023-04-09T14:27:54.667Z] <<< [apiv2][status] GET https://firestore.googleapis.com/v1/projects/linkedin-bbf1c/databases/(default)/collectionGroups/-/indexes 200
[debug] [2023-04-09T14:27:54.668Z] <<< [apiv2][body] GET https://firestore.googleapis.com/v1/projects/linkedin-bbf1c/databases/(default)/collectionGroups/-/indexes {}
[debug] [2023-04-09T14:27:54.696Z] <<< [apiv2][status] GET https://firestore.googleapis.com/v1/projects/linkedin-bbf1c/databases/(default)/collectionGroups/-/fields?filter=indexConfig.usesAncestorConfig=false OR ttlConfig:* 200
[debug] [2023-04-09T14:27:54.697Z] <<< [apiv2][body] GET https://firestore.googleapis.com/v1/projects/linkedin-bbf1c/databases/(default)/collectionGroups/-/fields?filter=indexConfig.usesAncestorConfig=false OR ttlConfig:* {"fields":[{"name":"projects/linkedin-bbf1c/databases/(default)/collectionGroups/__default__/fields/*","indexConfig":{"indexes":[{"queryScope":"COLLECTION","fields":[{"fieldPath":"*","order":"ASCENDING"}],"state":"READY"},{"queryScope":"COLLECTION","fields":[{"fieldPath":"*","order":"DESCENDING"}],"state":"READY"},{"queryScope":"COLLECTION","fields":[{"fieldPath":"*","arrayConfig":"CONTAINS"}],"state":"READY"}]}}]}
[info] 
=== Hosting Setup
[info] 
[info] Your public directory is the folder (relative to your project directory) that
[info] will contain Hosting assets to be uploaded with firebase deploy. If you
[info] have a build process for your assets, use your build's output directory.
[info] 
[debug] [2023-04-09T14:28:43.575Z] >>> [apiv2][query] GET https://www.gstatic.com/firebasejs/releases.json [none]
[debug] [2023-04-09T14:28:43.653Z] <<< [apiv2][status] GET https://www.gstatic.com/firebasejs/releases.json 200
[debug] [2023-04-09T14:28:43.653Z] <<< [apiv2][body] GET https://www.gstatic.com/firebasejs/releases.json {"current":{"version":"9.19.1","browserURL":"https://www.gstatic.com/firebasejs/9.19.1/firebase.js","packageURL":"https://www.gstatic.com/firebasejs/9.19.1/firebase.tgz"},"live":{"version":"9.19","browserURL":"https://www.gstatic.com/firebasejs/live/9.19/firebase.js","packageURL":"https://www.gstatic.com/firebasejs/live/9.19/firebase.tgz"},"components":{"analytics":"https://www.gstatic.com/firebasejs/9.19.1/firebase-analytics.js","app":"https://www.gstatic.com/firebasejs/9.19.1/firebase-app.js","app-check":"https://www.gstatic.com/firebasejs/9.19.1/firebase-app-check.js","auth":"https://www.gstatic.com/firebasejs/9.19.1/firebase-auth.js","auth/cordova":"https://www.gstatic.com/firebasejs/9.19.1/firebase-auth/cordova.js","auth/react-native":"https://www.gstatic.com/firebasejs/9.19.1/firebase-auth/react-native.js","functions":"https://www.gstatic.com/firebasejs/9.19.1/firebase-functions.js","firestore":"https://www.gstatic.com/firebasejs/9.19.1/firebase-firestore.js","firestore/lite":"https://www.gstatic.com/firebasejs/9.19.1/firebase-firestore/lite.js","installations":"https://www.gstatic.com/firebasejs/9.19.1/firebase-installations.js","storage":"https://www.gstatic.com/firebasejs/9.19.1/firebase-storage.js","performance":"https://www.gstatic.com/firebasejs/9.19.1/firebase-performance.js","remote-config":"https://www.gstatic.com/firebasejs/9.19.1/firebase-remote-config.js","messaging":"https://www.gstatic.com/firebasejs/9.19.1/firebase-messaging.js","messaging/sw":"https://www.gstatic.com/firebasejs/9.19.1/firebase-messaging/sw.js","database":"https://www.gstatic.com/firebasejs/9.19.1/firebase-database.js","firestore.memory":"https://www.gstatic.com/firebasejs/9.19.1/firebase-firestore.memory.js"}}
